Using pre-set license
Built from '2021.3/release' branch; Version is '2021.3.12f1 (8af3c3e441b1) revision 9106371'; Using compiler version '192829333'; Build Type 'Release'
OS: 'Windows 10  (10.0.14393) 64bit Professional' Language: 'ru' Physical Memory: 12153 MB
BatchMode: 1, IsHumanControllingUs: 0, StartBugReporterOnCrash: 0, Is64bit: 1, IsPro: 1

COMMAND LINE ARGUMENTS:
C:\Program Files\Unity\Hub\Editor\2021.3.12f1\Editor\Unity.exe
-adb2
-batchMode
-noUpm
-name
AssetImportWorker0
-projectPath
D:/Проектная деятельность/gitok/Space-alone
-logFile
Logs/AssetImportWorker0.log
-srvPort
65290
Successfully changed project path to: D:/Проектная деятельность/gitok/Space-alone
D:/Проектная деятельность/gitok/Space-alone
[UnityMemory] Configuration Parameters - Can be set up in boot.config
    "memorysetup-bucket-allocator-granularity=16"
    "memorysetup-bucket-allocator-bucket-count=8"
    "memorysetup-bucket-allocator-block-size=33554432"
    "memorysetup-bucket-allocator-block-count=8"
    "memorysetup-main-allocator-block-size=16777216"
    "memorysetup-thread-allocator-block-size=16777216"
    "memorysetup-gfx-main-allocator-block-size=16777216"
    "memorysetup-gfx-thread-allocator-block-size=16777216"
    "memorysetup-cache-allocator-block-size=4194304"
    "memorysetup-typetree-allocator-block-size=2097152"
    "memorysetup-profiler-bucket-allocator-granularity=16"
    "memorysetup-profiler-bucket-allocator-bucket-count=8"
    "memorysetup-profiler-bucket-allocator-block-size=33554432"
    "memorysetup-profiler-bucket-allocator-block-count=8"
    "memorysetup-profiler-allocator-block-size=16777216"
    "memorysetup-profiler-editor-allocator-block-size=1048576"
    "memorysetup-temp-allocator-size-main=16777216"
    "memorysetup-job-temp-allocator-block-size=2097152"
    "memorysetup-job-temp-allocator-block-size-background=1048576"
    "memorysetup-job-temp-allocator-reduction-small-platforms=262144"
    "memorysetup-temp-allocator-size-background-worker=32768"
    "memorysetup-temp-allocator-size-job-worker=262144"
    "memorysetup-temp-allocator-size-preload-manager=33554432"
    "memorysetup-temp-allocator-size-nav-mesh-worker=65536"
    "memorysetup-temp-allocator-size-audio-worker=65536"
    "memorysetup-temp-allocator-size-cloud-worker=32768"
    "memorysetup-temp-allocator-size-gi-baking-worker=262144"
    "memorysetup-temp-allocator-size-gfx=262144"
Refreshing native plugins compatible for Editor in 103.51 ms, found 3 plugins.
Preloading 0 native plugins for Editor in 0.00 ms.
Initialize engine version: 2021.3.12f1 (8af3c3e441b1)
[Subsystems] Discovering subsystems at path C:/Program Files/Unity/Hub/Editor/2021.3.12f1/Editor/Data/Resources/UnitySubsystems
[Subsystems] Discovering subsystems at path D:/Проектная деятельность/gitok/Space-alone/Assets
GfxDevice: creating device client; threaded=0; jobified=0
Direct3D:
    Version:  Direct3D 11.0 [level 11.1]
    Renderer: Intel(R) HD Graphics 520 (ID=0x1916)
    Vendor:   Intel
    VRAM:     6076 MB
    Driver:   23.20.16.4973
Initialize mono
Mono path[0] = 'C:/Program Files/Unity/Hub/Editor/2021.3.12f1/Editor/Data/Managed'
Mono path[1] = 'C:/Program Files/Unity/Hub/Editor/2021.3.12f1/Editor/Data/MonoBleedingEdge/lib/mono/unityjit-win32'
Mono config path = 'C:/Program Files/Unity/Hub/Editor/2021.3.12f1/Editor/Data/MonoBleedingEdge/etc'
Using monoOptions --debugger-agent=transport=dt_socket,embedding=1,server=y,suspend=n,address=127.0.0.1:56016
Begin MonoManager ReloadAssembly
Registering precompiled unity dll's ...
Register platform support module: C:/Program Files/Unity/Hub/Editor/2021.3.12f1/Editor/Data/PlaybackEngines/WindowsStandaloneSupport/UnityEditor.WindowsStandalone.Extensions.dll
Registered in 0.005909 seconds.
Native extension for WindowsStandalone target not found
Refreshing native plugins compatible for Editor in 89.79 ms, found 3 plugins.
Preloading 0 native plugins for Editor in 0.00 ms.
Mono: successfully reloaded assembly
- Completed reload, in  1.083 seconds
Domain Reload Profiling:
	ReloadAssembly (1084ms)
		BeginReloadAssembly (127ms)
			ExecutionOrderSort (0ms)
			DisableScriptedObjects (0ms)
			BackupInstance (0ms)
			ReleaseScriptingObjects (0ms)
			CreateAndSetChildDomain (1ms)
		EndReloadAssembly (764ms)
			LoadAssemblies (124ms)
			RebuildTransferFunctionScriptingTraits (0ms)
			SetupTypeCache (212ms)
			ReleaseScriptCaches (0ms)
			RebuildScriptCaches (51ms)
			SetupLoadedEditorAssemblies (411ms)
				LogAssemblyErrors (0ms)
				InitializePlatformSupportModulesInManaged (12ms)
				SetLoadedEditorAssemblies (0ms)
				RefreshPlugins (90ms)
				BeforeProcessingInitializeOnLoad (2ms)
				ProcessInitializeOnLoadAttributes (223ms)
				ProcessInitializeOnLoadMethodAttributes (84ms)
				AfterProcessingInitializeOnLoad (0ms)
				EditorAssembliesLoaded (0ms)
			ExecutionOrderSort2 (0ms)
			AwakeInstancesAfterBackupRestoration (0ms)
Platform modules already initialized, skipping
Registering precompiled user dll's ...
Registered in 0.007928 seconds.
Begin MonoManager ReloadAssembly
Native extension for WindowsStandalone target not found
Refreshing native plugins compatible for Editor in 90.17 ms, found 3 plugins.
Preloading 0 native plugins for Editor in 0.00 ms.
Mono: successfully reloaded assembly
- Completed reload, in  1.771 seconds
Domain Reload Profiling:
	ReloadAssembly (1773ms)
		BeginReloadAssembly (175ms)
			ExecutionOrderSort (0ms)
			DisableScriptedObjects (10ms)
			BackupInstance (0ms)
			ReleaseScriptingObjects (0ms)
			CreateAndSetChildDomain (30ms)
		EndReloadAssembly (1384ms)
			LoadAssemblies (122ms)
			RebuildTransferFunctionScriptingTraits (0ms)
			SetupTypeCache (366ms)
			ReleaseScriptCaches (1ms)
			RebuildScriptCaches (95ms)
			SetupLoadedEditorAssemblies (710ms)
				LogAssemblyErrors (0ms)
				InitializePlatformSupportModulesInManaged (7ms)
				SetLoadedEditorAssemblies (0ms)
				RefreshPlugins (90ms)
				BeforeProcessingInitializeOnLoad (127ms)
				ProcessInitializeOnLoadAttributes (394ms)
				ProcessInitializeOnLoadMethodAttributes (81ms)
				AfterProcessingInitializeOnLoad (10ms)
				EditorAssembliesLoaded (1ms)
			ExecutionOrderSort2 (0ms)
			AwakeInstancesAfterBackupRestoration (10ms)
Platform modules already initialized, skipping
========================================================================
Worker process is ready to serve import requests
Launched and connected shader compiler UnityShaderCompiler.exe after 0.04 seconds
Refreshing native plugins compatible for Editor in 0.86 ms, found 3 plugins.
Preloading 0 native plugins for Editor in 0.00 ms.
Unloading 2544 Unused Serialized files (Serialized files now loaded: 0)
Unloading 33 unused Assets / (56.2 KB). Loaded Objects now: 3007.
Memory consumption went from 113.5 MB to 113.4 MB.
Total: 5.140047 ms (FindLiveObjects: 0.316659 ms CreateObjectMapping: 0.238008 ms MarkObjects: 4.398778 ms  DeleteObjects: 0.184546 ms)

AssetImportParameters requested are different than current active one (requested -> active):
  custom:video-decoder-ogg-theora: a1e56fd34408186e4bbccfd4996cb3dc -> 
  custom:container-muxer-webm: aa71ff27fc2769a1b78a27578f13a17b -> 
  custom:container-demuxer-webm: 4f35f7cbe854078d1ac9338744f61a02 -> 
  custom:video-encoder-webm-vp8: eb34c28f22e8b96e1ab97ce403110664 -> 
  custom:video-codec-MediaFoundation-h265: 55f8c8538cf0483ab7069ead6b737db2 -> 
  custom:audio-encoder-webm-vorbis: bf7c407c2cedff20999df2af8eb42d56 -> 
  custom:framework-win-MediaFoundation: 216162199b28c13a410421893ffa2e32 -> 
  custom:container-demuxer-ogg: 62fdf1f143b41e24485cea50d1cbac27 -> 
  custom:video-decoder-webm-vp8: 9c59270c3fd7afecdb556c50c9e8de78 -> 
  custom:audio-decoder-ogg-vorbis: bf7c407c2cedff20999df2af8eb42d56 -> 
========================================================================
Received Import Request.
  Time since last request: 2329760.637378 seconds.
  path: Assets/Scenes/Levels/LevelTemp.scenetemplate
  artifactKey: Guid(d65dd4bcca3e32547b6aa0a596db2ce6) Importer(815301076,1909f56bfc062723c751e8b465ee728b)
Start importing Assets/Scenes/Levels/LevelTemp.scenetemplate using Guid(d65dd4bcca3e32547b6aa0a596db2ce6) Importer(815301076,1909f56bfc062723c751e8b465ee728b)  -> (artifact id: '1b5be8209a2d0bd0fbff0067f281f093') in 0.288217 seconds 
========================================================================
Received Import Request.
  Time since last request: 377.944035 seconds.
  path: Assets/Recorces/AstroStay.prefab
  artifactKey: Guid(93d45e77df001a5479072a12a6df89f7) Importer(815301076,1909f56bfc062723c751e8b465ee728b)
Start importing Assets/Recorces/AstroStay.prefab using Guid(93d45e77df001a5479072a12a6df89f7) Importer(815301076,1909f56bfc062723c751e8b465ee728b)  -> (artifact id: '3ff5013eed258af1c8081bd57dc40aa1') in 0.441764 seconds 
========================================================================
Received Import Request.
  Time since last request: 0.000069 seconds.
  path: Assets/Recorces/Platform1.prefab
  artifactKey: Guid(0fea692579b17744bbe1329ba39c325d) Importer(815301076,1909f56bfc062723c751e8b465ee728b)
Start importing Assets/Recorces/Platform1.prefab using Guid(0fea692579b17744bbe1329ba39c325d) Importer(815301076,1909f56bfc062723c751e8b465ee728b)  -> (artifact id: '9d03492dab6b93381f1717b9a9001165') in 0.030164 seconds 
========================================================================
Received Import Request.
  Time since last request: 0.000100 seconds.
  path: Assets/Recorces/Switch.prefab
  artifactKey: Guid(272ab3fd5cfd67c4bbc75c95247c9d80) Importer(815301076,1909f56bfc062723c751e8b465ee728b)
Start importing Assets/Recorces/Switch.prefab using Guid(272ab3fd5cfd67c4bbc75c95247c9d80) Importer(815301076,1909f56bfc062723c751e8b465ee728b)  -> (artifact id: '8c919910405d7f7cb0f043a3840e964e') in 0.023553 seconds 
========================================================================
Received Import Request.
  Time since last request: 0.000032 seconds.
  path: Assets/Recorces/Main Camera.prefab
  artifactKey: Guid(d81a8a6d6cf573342a4bc96a4b4f68ee) Importer(815301076,1909f56bfc062723c751e8b465ee728b)
Start importing Assets/Recorces/Main Camera.prefab using Guid(d81a8a6d6cf573342a4bc96a4b4f68ee) Importer(815301076,1909f56bfc062723c751e8b465ee728b)  -> (artifact id: 'a00511c3a072e60c2974a1d4c3ef830e') in 0.025974 seconds 
========================================================================
Received Import Request.
  Time since last request: 0.000054 seconds.
  path: Assets/Recorces/Level Manager.prefab
  artifactKey: Guid(ccd0e1b10a61c449083a20f4bdd95a05) Importer(815301076,1909f56bfc062723c751e8b465ee728b)
Start importing Assets/Recorces/Level Manager.prefab using Guid(ccd0e1b10a61c449083a20f4bdd95a05) Importer(815301076,1909f56bfc062723c751e8b465ee728b)  -> (artifact id: '4bc4c673e5895220333949e92931f809') in 0.005569 seconds 
========================================================================
Received Import Request.
  Time since last request: 0.000150 seconds.
  path: Assets/Recorces/Ladder.prefab
  artifactKey: Guid(f2c08c59556228a49ac829dd8b2ff865) Importer(815301076,1909f56bfc062723c751e8b465ee728b)
Start importing Assets/Recorces/Ladder.prefab using Guid(f2c08c59556228a49ac829dd8b2ff865) Importer(815301076,1909f56bfc062723c751e8b465ee728b)  -> (artifact id: '4db728bbe75df5f9521b4d39fd3bd8fd') in 0.021055 seconds 
========================================================================
Received Import Request.
  Time since last request: 0.000026 seconds.
  path: Assets/Recorces/Lever.prefab
  artifactKey: Guid(469ad703371483c4c8803c51d834ff3d) Importer(815301076,1909f56bfc062723c751e8b465ee728b)
Start importing Assets/Recorces/Lever.prefab using Guid(469ad703371483c4c8803c51d834ff3d) Importer(815301076,1909f56bfc062723c751e8b465ee728b)  -> (artifact id: '3615267fca1ffacb4790d65a51c47b77') in 0.020963 seconds 
========================================================================
Received Import Request.
  Time since last request: 0.000026 seconds.
  path: Assets/Recorces/Tile.prefab
  artifactKey: Guid(e8cd67510c15de04ab91c3d8c562f37f) Importer(815301076,1909f56bfc062723c751e8b465ee728b)
Start importing Assets/Recorces/Tile.prefab using Guid(e8cd67510c15de04ab91c3d8c562f37f) Importer(815301076,1909f56bfc062723c751e8b465ee728b)  -> (artifact id: '36bf4aa474b3ff5e2fcce9017e4d70b0') in 0.041019 seconds 
========================================================================
Received Import Request.
  Time since last request: 0.000032 seconds.
  path: Assets/Recorces/pause.prefab
  artifactKey: Guid(63b450a47450d894aa3bbcef4e5cf561) Importer(815301076,1909f56bfc062723c751e8b465ee728b)
Start importing Assets/Recorces/pause.prefab using Guid(63b450a47450d894aa3bbcef4e5cf561) Importer(815301076,1909f56bfc062723c751e8b465ee728b)  -> (artifact id: '996663509a62088974c2e30306dcc9eb') in 0.011086 seconds 
========================================================================
Received Import Request.
  Time since last request: 0.000049 seconds.
  path: Assets/Recorces/Sprike3.prefab
  artifactKey: Guid(fb24bc66325b2d043b1b3a4ce9911443) Importer(815301076,1909f56bfc062723c751e8b465ee728b)
Start importing Assets/Recorces/Sprike3.prefab using Guid(fb24bc66325b2d043b1b3a4ce9911443) Importer(815301076,1909f56bfc062723c751e8b465ee728b)  -> (artifact id: '86c2f1269f5de25e73283cbc246cc40e') in 0.014644 seconds 
========================================================================
Received Import Request.
  Time since last request: 0.000048 seconds.
  path: Assets/Recorces/Platform2.prefab
  artifactKey: Guid(cf88c10b41c76074ea6be209d852bc1a) Importer(815301076,1909f56bfc062723c751e8b465ee728b)
Start importing Assets/Recorces/Platform2.prefab using Guid(cf88c10b41c76074ea6be209d852bc1a) Importer(815301076,1909f56bfc062723c751e8b465ee728b)  -> (artifact id: '93b5a9f034f2ba8afb2536a70f3ba497') in 0.023557 seconds 
========================================================================
Received Import Request.
  Time since last request: 0.000030 seconds.
  path: Assets/Recorces/Box.prefab
  artifactKey: Guid(70ba21776f80729458def54245f8f91d) Importer(815301076,1909f56bfc062723c751e8b465ee728b)
Start importing Assets/Recorces/Box.prefab using Guid(70ba21776f80729458def54245f8f91d) Importer(815301076,1909f56bfc062723c751e8b465ee728b)  -> (artifact id: '9f22cd44170bb9cb209ee1f02436ea47') in 0.018049 seconds 
========================================================================
Received Import Request.
  Time since last request: 0.000030 seconds.
  path: Assets/Recorces/Door.prefab
  artifactKey: Guid(85abcc17316099a429dfb866e5461638) Importer(815301076,1909f56bfc062723c751e8b465ee728b)
Start importing Assets/Recorces/Door.prefab using Guid(85abcc17316099a429dfb866e5461638) Importer(815301076,1909f56bfc062723c751e8b465ee728b)  -> (artifact id: '3d96f047f280fa17623e5b0288095381') in 0.035124 seconds 
========================================================================
Received Import Request.
  Time since last request: 0.000034 seconds.
  path: Assets/Recorces/WayAndPalt.prefab
  artifactKey: Guid(b96b4460c308d2e4caa7552554d8e26a) Importer(815301076,1909f56bfc062723c751e8b465ee728b)
Start importing Assets/Recorces/WayAndPalt.prefab using Guid(b96b4460c308d2e4caa7552554d8e26a) Importer(815301076,1909f56bfc062723c751e8b465ee728b)  -> (artifact id: '622b3efd6ab132b68682d8a331a7d8f9') in 0.022760 seconds 
========================================================================
Received Import Request.
  Time since last request: 29.837879 seconds.
  path: Assets/palettes/GrassDown_01.asset
  artifactKey: Guid(305f0963a1ce22a4283b88b0c7068801) Importer(815301076,1909f56bfc062723c751e8b465ee728b)
Start importing Assets/palettes/GrassDown_01.asset using Guid(305f0963a1ce22a4283b88b0c7068801) Importer(815301076,1909f56bfc062723c751e8b465ee728b)  -> (artifact id: 'a26603010b0c32842c5b9c8ce6672fef') in 0.132791 seconds 
========================================================================
Received Import Request.
  Time since last request: 0.000097 seconds.
  path: Assets/palettes/GrassDown_02.asset
  artifactKey: Guid(c6cfd78b91e908d408fd7d5cf35a821a) Importer(815301076,1909f56bfc062723c751e8b465ee728b)
Start importing Assets/palettes/GrassDown_02.asset using Guid(c6cfd78b91e908d408fd7d5cf35a821a) Importer(815301076,1909f56bfc062723c751e8b465ee728b)  -> (artifact id: 'bc6f3410b2f1de84c3b9810a3a084892') in 0.039873 seconds 
========================================================================
Received Import Request.
  Time since last request: 0.000048 seconds.
  path: Assets/palettes/TileLeftDown.asset
  artifactKey: Guid(3d42e7e2ae967e14da67f83818a2ec1b) Importer(815301076,1909f56bfc062723c751e8b465ee728b)
Start importing Assets/palettes/TileLeftDown.asset using Guid(3d42e7e2ae967e14da67f83818a2ec1b) Importer(815301076,1909f56bfc062723c751e8b465ee728b)  -> (artifact id: '8b97531d744a946f7b44df90097b9f34') in 0.012710 seconds 
========================================================================
Received Import Request.
  Time since last request: 0.000070 seconds.
  path: Assets/palettes/TileBack.asset
  artifactKey: Guid(0871e898253b85c44a6c07b53ebcdacc) Importer(815301076,1909f56bfc062723c751e8b465ee728b)
Start importing Assets/palettes/TileBack.asset using Guid(0871e898253b85c44a6c07b53ebcdacc) Importer(815301076,1909f56bfc062723c751e8b465ee728b)  -> (artifact id: '38dee13b4c96c276fda7a2ac8afa65c7') in 0.012037 seconds 
========================================================================
Received Import Request.
  Time since last request: 0.000082 seconds.
  path: Assets/palettes/TileRight.asset
  artifactKey: Guid(d791d7a3a704a6a4c811da163b54933b) Importer(815301076,1909f56bfc062723c751e8b465ee728b)
Start importing Assets/palettes/TileRight.asset using Guid(d791d7a3a704a6a4c811da163b54933b) Importer(815301076,1909f56bfc062723c751e8b465ee728b)  -> (artifact id: 'aed7cfcf49558fe0e862ca0fc9c6d2df') in 0.019731 seconds 
========================================================================
Received Import Request.
  Time since last request: 0.000035 seconds.
  path: Assets/palettes/TileRightDown.asset
  artifactKey: Guid(b3b34a62af924a44ea571a105dabfdf4) Importer(815301076,1909f56bfc062723c751e8b465ee728b)
Start importing Assets/palettes/TileRightDown.asset using Guid(b3b34a62af924a44ea571a105dabfdf4) Importer(815301076,1909f56bfc062723c751e8b465ee728b)  -> (artifact id: 'c76a5ddacbb18fd88738d38635ead8d3') in 0.016003 seconds 
========================================================================
Received Import Request.
  Time since last request: 0.000057 seconds.
  path: Assets/palettes/timeporary.prefab
  artifactKey: Guid(1d6083f792145d64787d5743e1e55776) Importer(815301076,1909f56bfc062723c751e8b465ee728b)
Start importing Assets/palettes/timeporary.prefab using Guid(1d6083f792145d64787d5743e1e55776) Importer(815301076,1909f56bfc062723c751e8b465ee728b)  -> (artifact id: 'e23946ed26efbf5c5e7f6e5bc0704fd9') in 0.103727 seconds 
========================================================================
Received Import Request.
  Time since last request: 0.000049 seconds.
  path: Assets/palettes/VioletTree_03.asset
  artifactKey: Guid(a0ef5944653c56248a385900219e0549) Importer(815301076,1909f56bfc062723c751e8b465ee728b)
Start importing Assets/palettes/VioletTree_03.asset using Guid(a0ef5944653c56248a385900219e0549) Importer(815301076,1909f56bfc062723c751e8b465ee728b)  -> (artifact id: '6350a096808f8111f4abaae504eac32e') in 0.014075 seconds 
========================================================================
Received Import Request.
  Time since last request: 0.000043 seconds.
  path: Assets/palettes/TileDown.asset
  artifactKey: Guid(f7b922215ccb18a44a1426eea41c7529) Importer(815301076,1909f56bfc062723c751e8b465ee728b)
Start importing Assets/palettes/TileDown.asset using Guid(f7b922215ccb18a44a1426eea41c7529) Importer(815301076,1909f56bfc062723c751e8b465ee728b)  -> (artifact id: '6e4b6d4ba44cd6f09ff7bdd196beabbc') in 0.012736 seconds 
========================================================================
Received Import Request.
  Time since last request: 0.000091 seconds.
  path: Assets/palettes/GrassUp.asset
  artifactKey: Guid(e186f378b82b8314787aab77fe5d7028) Importer(815301076,1909f56bfc062723c751e8b465ee728b)
Start importing Assets/palettes/GrassUp.asset using Guid(e186f378b82b8314787aab77fe5d7028) Importer(815301076,1909f56bfc062723c751e8b465ee728b)  -> (artifact id: 'af81af16af00b29b5504221e4467377b') in 0.013364 seconds 
========================================================================
Received Import Request.
  Time since last request: 0.000034 seconds.
  path: Assets/palettes/GreenTree_03.asset
  artifactKey: Guid(37dd195b33b756f4da9773c9aa5861cb) Importer(815301076,1909f56bfc062723c751e8b465ee728b)
Start importing Assets/palettes/GreenTree_03.asset using Guid(37dd195b33b756f4da9773c9aa5861cb) Importer(815301076,1909f56bfc062723c751e8b465ee728b)  -> (artifact id: 'f1d589614ded54b19ad5704b474b3bc4') in 0.017075 seconds 
========================================================================
Received Import Request.
  Time since last request: 0.000039 seconds.
  path: Assets/palettes/GreenTree_02.asset
  artifactKey: Guid(2ea677dd1af500d41b00e3bfff1d8239) Importer(815301076,1909f56bfc062723c751e8b465ee728b)
Start importing Assets/palettes/GreenTree_02.asset using Guid(2ea677dd1af500d41b00e3bfff1d8239) Importer(815301076,1909f56bfc062723c751e8b465ee728b)  -> (artifact id: 'bd6c793d372b1322127fe99942684fa0') in 0.014259 seconds 
========================================================================
Received Import Request.
  Time since last request: 0.000046 seconds.
  path: Assets/palettes/TileLeftUp.asset
  artifactKey: Guid(bbfc8dc377024924b9cf66c3f6f7b5f6) Importer(815301076,1909f56bfc062723c751e8b465ee728b)
Start importing Assets/palettes/TileLeftUp.asset using Guid(bbfc8dc377024924b9cf66c3f6f7b5f6) Importer(815301076,1909f56bfc062723c751e8b465ee728b)  -> (artifact id: '0478e3795947bb546cb1e251b63a08da') in 0.027621 seconds 
========================================================================
Received Import Request.
  Time since last request: 0.000030 seconds.
  path: Assets/palettes/TileLeftRight.asset
  artifactKey: Guid(4b57c783722070b45b9453487626f3fa) Importer(815301076,1909f56bfc062723c751e8b465ee728b)
Start importing Assets/palettes/TileLeftRight.asset using Guid(4b57c783722070b45b9453487626f3fa) Importer(815301076,1909f56bfc062723c751e8b465ee728b)  -> (artifact id: 'b89181ec3ad60f1573ecd5b513642d41') in 0.015785 seconds 
========================================================================
Received Import Request.
  Time since last request: 0.000027 seconds.
  path: Assets/palettes/TileUp.asset
  artifactKey: Guid(7bce01f8e8974184cbf130596fb24341) Importer(815301076,1909f56bfc062723c751e8b465ee728b)
Start importing Assets/palettes/TileUp.asset using Guid(7bce01f8e8974184cbf130596fb24341) Importer(815301076,1909f56bfc062723c751e8b465ee728b)  -> (artifact id: '2509beb77500f73f93b6411701bb6a7a') in 0.016240 seconds 
========================================================================
Received Import Request.
  Time since last request: 0.000152 seconds.
  path: Assets/palettes/TileUpDown.asset
  artifactKey: Guid(8e9a3578a07db494685e32b151422182) Importer(815301076,1909f56bfc062723c751e8b465ee728b)
Start importing Assets/palettes/TileUpDown.asset using Guid(8e9a3578a07db494685e32b151422182) Importer(815301076,1909f56bfc062723c751e8b465ee728b)  -> (artifact id: 'db92e5428b8afde381fd09ea7cdeaec2') in 0.011279 seconds 
========================================================================
Received Import Request.
  Time since last request: 0.000041 seconds.
  path: Assets/palettes/TileFull.asset
  artifactKey: Guid(33eafe7de57e50745b16f528f83030fd) Importer(815301076,1909f56bfc062723c751e8b465ee728b)
Start importing Assets/palettes/TileFull.asset using Guid(33eafe7de57e50745b16f528f83030fd) Importer(815301076,1909f56bfc062723c751e8b465ee728b)  -> (artifact id: 'be2ee0c48cf356f91088df5a88a1548e') in 0.010113 seconds 
========================================================================
Received Import Request.
  Time since last request: 0.000040 seconds.
  path: Assets/palettes/TileLeft.asset
  artifactKey: Guid(05ca58a81db4e174d8ace88ee88b6cbc) Importer(815301076,1909f56bfc062723c751e8b465ee728b)
Start importing Assets/palettes/TileLeft.asset using Guid(05ca58a81db4e174d8ace88ee88b6cbc) Importer(815301076,1909f56bfc062723c751e8b465ee728b)  -> (artifact id: '6062b1357f9d55b06201fbda8b4701fa') in 0.010169 seconds 
========================================================================
Received Import Request.
  Time since last request: 0.000030 seconds.
  path: Assets/palettes/VioletMushroom_01.asset
  artifactKey: Guid(0aaf08834faca164d95cae18452f2189) Importer(815301076,1909f56bfc062723c751e8b465ee728b)
Start importing Assets/palettes/VioletMushroom_01.asset using Guid(0aaf08834faca164d95cae18452f2189) Importer(815301076,1909f56bfc062723c751e8b465ee728b)  -> (artifact id: 'fa6c8041a8b1b34cc0ece9a32979fe93') in 0.025106 seconds 
========================================================================
Received Import Request.
  Time since last request: 0.000029 seconds.
  path: Assets/palettes/TileForward.asset
  artifactKey: Guid(1d1eaa1cf504b7b4ea2e4070b64fd476) Importer(815301076,1909f56bfc062723c751e8b465ee728b)
Start importing Assets/palettes/TileForward.asset using Guid(1d1eaa1cf504b7b4ea2e4070b64fd476) Importer(815301076,1909f56bfc062723c751e8b465ee728b)  -> (artifact id: '33bdbc1a4518fcff40f7dbd8d18a2d19') in 0.013447 seconds 
========================================================================
Received Import Request.
  Time since last request: 0.000032 seconds.
  path: Assets/palettes/VioletTree_02.asset
  artifactKey: Guid(f9bc1cfaad51fa84590bb8065eaa89ae) Importer(815301076,1909f56bfc062723c751e8b465ee728b)
Start importing Assets/palettes/VioletTree_02.asset using Guid(f9bc1cfaad51fa84590bb8065eaa89ae) Importer(815301076,1909f56bfc062723c751e8b465ee728b)  -> (artifact id: '5f7d9427a2c2db9fafe3dd3792eef70d') in 0.014363 seconds 
========================================================================
Received Import Request.
  Time since last request: 0.000035 seconds.
  path: Assets/palettes/GreenTree_01.asset
  artifactKey: Guid(d3f837d3cd395f8459fa2fef2b197794) Importer(815301076,1909f56bfc062723c751e8b465ee728b)
Start importing Assets/palettes/GreenTree_01.asset using Guid(d3f837d3cd395f8459fa2fef2b197794) Importer(815301076,1909f56bfc062723c751e8b465ee728b)  -> (artifact id: 'dd59fe32b29ffd354fcf1625632b8c02') in 0.015098 seconds 
========================================================================
Received Import Request.
  Time since last request: 0.000030 seconds.
  path: Assets/palettes/GreenBush.asset
  artifactKey: Guid(99f3b764d00de0143a40be5207bac73d) Importer(815301076,1909f56bfc062723c751e8b465ee728b)
Start importing Assets/palettes/GreenBush.asset using Guid(99f3b764d00de0143a40be5207bac73d) Importer(815301076,1909f56bfc062723c751e8b465ee728b)  -> (artifact id: 'b5ebade31dcb012bb4913e7e53b9e877') in 0.016382 seconds 
========================================================================
Received Import Request.
  Time since last request: 0.000043 seconds.
  path: Assets/palettes/VioletMushroom_02.asset
  artifactKey: Guid(ee01091636017f249ba03024479a67f5) Importer(815301076,1909f56bfc062723c751e8b465ee728b)
Start importing Assets/palettes/VioletMushroom_02.asset using Guid(ee01091636017f249ba03024479a67f5) Importer(815301076,1909f56bfc062723c751e8b465ee728b)  -> (artifact id: '21ef9aa1fdba82fbbc551e7714385e28') in 0.016345 seconds 
========================================================================
Received Import Request.
  Time since last request: 0.000028 seconds.
  path: Assets/palettes/TileUpRight.asset
  artifactKey: Guid(32b6be7d565075c49b6d7d88831cd921) Importer(815301076,1909f56bfc062723c751e8b465ee728b)
Start importing Assets/palettes/TileUpRight.asset using Guid(32b6be7d565075c49b6d7d88831cd921) Importer(815301076,1909f56bfc062723c751e8b465ee728b)  -> (artifact id: 'e72beec768dcf62c38ec6bd0c1702de5') in 0.014457 seconds 
========================================================================
Received Import Request.
  Time since last request: 0.000044 seconds.
  path: Assets/palettes/VioletTree_01.asset
  artifactKey: Guid(bd84cdb986fb3744b9e40b54cdadbc0b) Importer(815301076,1909f56bfc062723c751e8b465ee728b)
Start importing Assets/palettes/VioletTree_01.asset using Guid(bd84cdb986fb3744b9e40b54cdadbc0b) Importer(815301076,1909f56bfc062723c751e8b465ee728b)  -> (artifact id: '0387c657803262b1138662ebf246b12b') in 0.015324 seconds 
========================================================================
Received Import Request.
  Time since last request: 5.344282 seconds.
  path: Assets/Dark UI/Free/32 Light 2.png
  artifactKey: Guid(9c22439f7b2eadb41b70e5385d667660) Importer(815301076,1909f56bfc062723c751e8b465ee728b)
Start importing Assets/Dark UI/Free/32 Light 2.png using Guid(9c22439f7b2eadb41b70e5385d667660) Importer(815301076,1909f56bfc062723c751e8b465ee728b)  -> (artifact id: '0875589de3fa7a5aa4d4b4df7be67a1b') in 0.092617 seconds 
========================================================================
Received Import Request.
  Time since last request: 0.000042 seconds.
  path: Assets/Dark UI/Free/BTN_A2.png
  artifactKey: Guid(0d6987b955d79574a92ef79c006ad418) Importer(815301076,1909f56bfc062723c751e8b465ee728b)
Start importing Assets/Dark UI/Free/BTN_A2.png using Guid(0d6987b955d79574a92ef79c006ad418) Importer(815301076,1909f56bfc062723c751e8b465ee728b)  -> (artifact id: 'a30df5efc5b3dc9feac58d2ee419776a') in 0.028016 seconds 
========================================================================
Received Import Request.
  Time since last request: 0.000043 seconds.
  path: Assets/Dark UI/Free/32.png
  artifactKey: Guid(dcdc43f7a0ad67b4ab3e3db38233dfae) Importer(815301076,1909f56bfc062723c751e8b465ee728b)
Start importing Assets/Dark UI/Free/32.png using Guid(dcdc43f7a0ad67b4ab3e3db38233dfae) Importer(815301076,1909f56bfc062723c751e8b465ee728b)  -> (artifact id: 'a783d9721576144eab2753faee8bac9a') in 0.049318 seconds 
========================================================================
Received Import Request.
  Time since last request: 0.000028 seconds.
  path: Assets/Dark UI/Free/128 Light 2.png
  artifactKey: Guid(4c5a0d6878b96be4f9f82216b59eca51) Importer(815301076,1909f56bfc062723c751e8b465ee728b)
Start importing Assets/Dark UI/Free/128 Light 2.png using Guid(4c5a0d6878b96be4f9f82216b59eca51) Importer(815301076,1909f56bfc062723c751e8b465ee728b)  -> (artifact id: 'a26760fae4bd868e6b29a5a6aa1de9da') in 0.048838 seconds 
========================================================================
Received Import Request.
  Time since last request: 0.000032 seconds.
  path: Assets/Dark UI/Free/CIRCLE2PXLAR.png
  artifactKey: Guid(a05d49e5687fd3c4380912ac00e2db9c) Importer(815301076,1909f56bfc062723c751e8b465ee728b)
Start importing Assets/Dark UI/Free/CIRCLE2PXLAR.png using Guid(a05d49e5687fd3c4380912ac00e2db9c) Importer(815301076,1909f56bfc062723c751e8b465ee728b)  -> (artifact id: 'b1d4f523292d8c8795ed70c3d9ed9419') in 0.043335 seconds 
========================================================================
Received Import Request.
  Time since last request: 0.000031 seconds.
  path: Assets/Dark UI/Free/32 Light.png
  artifactKey: Guid(a689281f545979940b5cedad12ec31a8) Importer(815301076,1909f56bfc062723c751e8b465ee728b)
Start importing Assets/Dark UI/Free/32 Light.png using Guid(a689281f545979940b5cedad12ec31a8) Importer(815301076,1909f56bfc062723c751e8b465ee728b)  -> (artifact id: '49b36d4716a2a5d9c98013753b7fbe95') in 0.066771 seconds 
========================================================================
Received Import Request.
  Time since last request: 0.000049 seconds.
  path: Assets/Dark UI/Free/CIRCLE4PXMED.png
  artifactKey: Guid(ec6eebcb88fa2314796ef9605c6a43e7) Importer(815301076,1909f56bfc062723c751e8b465ee728b)
Start importing Assets/Dark UI/Free/CIRCLE4PXMED.png using Guid(ec6eebcb88fa2314796ef9605c6a43e7) Importer(815301076,1909f56bfc062723c751e8b465ee728b)  -> (artifact id: 'af676c888d2327faf71efd32ad63b4e5') in 0.023403 seconds 
========================================================================
Received Import Request.
  Time since last request: 0.000087 seconds.
  path: Assets/Dark UI/Free/Inventory.png
  artifactKey: Guid(a551bf3edbe49704a99e4114483bcdbb) Importer(815301076,1909f56bfc062723c751e8b465ee728b)
Start importing Assets/Dark UI/Free/Inventory.png using Guid(a551bf3edbe49704a99e4114483bcdbb) Importer(815301076,1909f56bfc062723c751e8b465ee728b)  -> (artifact id: '901f9825fe4603acb8da3b312bd8700e') in 0.020103 seconds 
========================================================================
Received Import Request.
  Time since last request: 0.000040 seconds.
  path: Assets/Dark UI/Free/Bell.png
  artifactKey: Guid(f004d321f2825c44d929e3d0f5844b8c) Importer(815301076,1909f56bfc062723c751e8b465ee728b)
Start importing Assets/Dark UI/Free/Bell.png using Guid(f004d321f2825c44d929e3d0f5844b8c) Importer(815301076,1909f56bfc062723c751e8b465ee728b)  -> (artifact id: '7ae42599eb436b3a98416117fda04ba6') in 0.056572 seconds 
========================================================================
Received Import Request.
  Time since last request: 0.000029 seconds.
  path: Assets/Dark UI/Free/64.png
  artifactKey: Guid(701e7ed4dde1bf949b30e33741547ac9) Importer(815301076,1909f56bfc062723c751e8b465ee728b)
Start importing Assets/Dark UI/Free/64.png using Guid(701e7ed4dde1bf949b30e33741547ac9) Importer(815301076,1909f56bfc062723c751e8b465ee728b)  -> (artifact id: '3bf6bed98923edb946a9200125c1a17f') in 0.069046 seconds 
========================================================================
Received Import Request.
  Time since last request: 0.000046 seconds.
  path: Assets/Dark UI/Free/Button_Large_A.png
  artifactKey: Guid(fee7cb0981897184ca8e254670a1d84f) Importer(815301076,1909f56bfc062723c751e8b465ee728b)
Start importing Assets/Dark UI/Free/Button_Large_A.png using Guid(fee7cb0981897184ca8e254670a1d84f) Importer(815301076,1909f56bfc062723c751e8b465ee728b)  -> (artifact id: '482bbc6fe14d5ab6edd99547ab3e27d9') in 0.033262 seconds 
========================================================================
Received Import Request.
  Time since last request: 0.000033 seconds.
  path: Assets/Dark UI/Free/128 Light.png
  artifactKey: Guid(240ae01ad665c6d4798249cbec763ce8) Importer(815301076,1909f56bfc062723c751e8b465ee728b)
Start importing Assets/Dark UI/Free/128 Light.png using Guid(240ae01ad665c6d4798249cbec763ce8) Importer(815301076,1909f56bfc062723c751e8b465ee728b)  -> (artifact id: '150b19623036abdd75ef4f8a432867d9') in 0.041912 seconds 
========================================================================
Received Import Request.
  Time since last request: 0.000052 seconds.
  path: Assets/Dark UI/Free/Add Icon.png
  artifactKey: Guid(25534d7e0c9de5646aee54d576a28388) Importer(815301076,1909f56bfc062723c751e8b465ee728b)
Start importing Assets/Dark UI/Free/Add Icon.png using Guid(25534d7e0c9de5646aee54d576a28388) Importer(815301076,1909f56bfc062723c751e8b465ee728b)  -> (artifact id: 'd2598222143feabf1a08a8086bc33fd1') in 0.022590 seconds 
========================================================================
Received Import Request.
  Time since last request: 0.000034 seconds.
  path: Assets/Dark UI/Free/BTN_Line_4PX_Medium.png
  artifactKey: Guid(b631b747eaea1bb40a188fdced546dd2) Importer(815301076,1909f56bfc062723c751e8b465ee728b)
Start importing Assets/Dark UI/Free/BTN_Line_4PX_Medium.png using Guid(b631b747eaea1bb40a188fdced546dd2) Importer(815301076,1909f56bfc062723c751e8b465ee728b)  -> (artifact id: '25e352ff48e1c4404b86f2da63a007ec') in 0.028737 seconds 
========================================================================
Received Import Request.
  Time since last request: 0.000030 seconds.
  path: Assets/Dark UI/Free/Close BTN.png
  artifactKey: Guid(a11d716ada219fe4683e6147d610043e) Importer(815301076,1909f56bfc062723c751e8b465ee728b)
Start importing Assets/Dark UI/Free/Close BTN.png using Guid(a11d716ada219fe4683e6147d610043e) Importer(815301076,1909f56bfc062723c751e8b465ee728b)  -> (artifact id: '0adbf4422d7c37e250b3cb8cb8468579') in 0.036142 seconds 
========================================================================
Received Import Request.
  Time since last request: 0.000054 seconds.
  path: Assets/Dark UI/Free/64 Light 2.png
  artifactKey: Guid(91db8970c28d4a344beff5618f7a0ca3) Importer(815301076,1909f56bfc062723c751e8b465ee728b)
Start importing Assets/Dark UI/Free/64 Light 2.png using Guid(91db8970c28d4a344beff5618f7a0ca3) Importer(815301076,1909f56bfc062723c751e8b465ee728b)  -> (artifact id: '4e2281bf4f95c4eb38fde275f1756d30') in 0.067631 seconds 
========================================================================
Received Import Request.
  Time since last request: 0.000037 seconds.
  path: Assets/Dark UI/Free/ButtonMediumRound.png
  artifactKey: Guid(9c3fb1e6eb7fc9745b3bba559360321f) Importer(815301076,1909f56bfc062723c751e8b465ee728b)
Start importing Assets/Dark UI/Free/ButtonMediumRound.png using Guid(9c3fb1e6eb7fc9745b3bba559360321f) Importer(815301076,1909f56bfc062723c751e8b465ee728b)  -> (artifact id: '9dcce6ce3a4a046fb7f43d0dac474d69') in 0.024489 seconds 
========================================================================
Received Import Request.
  Time since last request: 0.000033 seconds.
  path: Assets/Dark UI/Free/Down Arrow.png
  artifactKey: Guid(4fa7a2c5ad85feb4991c2ddc865d25c7) Importer(815301076,1909f56bfc062723c751e8b465ee728b)
Start importing Assets/Dark UI/Free/Down Arrow.png using Guid(4fa7a2c5ad85feb4991c2ddc865d25c7) Importer(815301076,1909f56bfc062723c751e8b465ee728b)  -> (artifact id: '339161c99967754ef73850cab0a2e4ae') in 0.026479 seconds 
========================================================================
Received Import Request.
  Time since last request: 0.000047 seconds.
  path: Assets/Dark UI/Free/E.png
  artifactKey: Guid(8199e973785f2184594e575e5967e818) Importer(815301076,1909f56bfc062723c751e8b465ee728b)
Start importing Assets/Dark UI/Free/E.png using Guid(8199e973785f2184594e575e5967e818) Importer(815301076,1909f56bfc062723c751e8b465ee728b)  -> (artifact id: 'c67a33697d21ebe62bc8895602667305') in 0.042513 seconds 
========================================================================
Received Import Request.
  Time since last request: 0.000030 seconds.
  path: Assets/Dark UI/Free/CIRCLE4PXLAR.png
  artifactKey: Guid(1d02c027313a6514a849aa45aed65be6) Importer(815301076,1909f56bfc062723c751e8b465ee728b)
Start importing Assets/Dark UI/Free/CIRCLE4PXLAR.png using Guid(1d02c027313a6514a849aa45aed65be6) Importer(815301076,1909f56bfc062723c751e8b465ee728b)  -> (artifact id: '64a927c4eaee18654342640960a2b449') in 0.030203 seconds 
========================================================================
Received Import Request.
  Time since last request: 0.000038 seconds.
  path: Assets/Dark UI/Free/Icon Sets.png
  artifactKey: Guid(7747227fc69607f46833ce90b8776f0d) Importer(815301076,1909f56bfc062723c751e8b465ee728b)
Start importing Assets/Dark UI/Free/Icon Sets.png using Guid(7747227fc69607f46833ce90b8776f0d) Importer(815301076,1909f56bfc062723c751e8b465ee728b)  -> (artifact id: 'fe6bda02348a066e0e1e5fef35567b15') in 0.019771 seconds 
========================================================================
Received Import Request.
  Time since last request: 0.000038 seconds.
  path: Assets/Dark UI/Free/BTN_Line_4PX_Large.png
  artifactKey: Guid(c5c79f69909c16942b803f137f3ca0eb) Importer(815301076,1909f56bfc062723c751e8b465ee728b)
Start importing Assets/Dark UI/Free/BTN_Line_4PX_Large.png using Guid(c5c79f69909c16942b803f137f3ca0eb) Importer(815301076,1909f56bfc062723c751e8b465ee728b)  -> (artifact id: '0f8319960a05c79db0cebe0a206a09e3') in 0.035127 seconds 
========================================================================
Received Import Request.
  Time since last request: 0.000030 seconds.
  path: Assets/Dark UI/Free/Info.png
  artifactKey: Guid(c0d66557e6e886446b2af17220906a63) Importer(815301076,1909f56bfc062723c751e8b465ee728b)
Start importing Assets/Dark UI/Free/Info.png using Guid(c0d66557e6e886446b2af17220906a63) Importer(815301076,1909f56bfc062723c751e8b465ee728b)  -> (artifact id: '86f9228e5c1a920cde71a65fe18848c4') in 0.061427 seconds 
========================================================================
Received Import Request.
  Time since last request: 0.000035 seconds.
  path: Assets/Dark UI/Free/C.png
  artifactKey: Guid(fe60e9801e85e2e47a31a90354f6add9) Importer(815301076,1909f56bfc062723c751e8b465ee728b)
Start importing Assets/Dark UI/Free/C.png using Guid(fe60e9801e85e2e47a31a90354f6add9) Importer(815301076,1909f56bfc062723c751e8b465ee728b)  -> (artifact id: 'aed0aa6533d7a33c97258481679023d7') in 0.049268 seconds 
========================================================================
Received Import Request.
  Time since last request: 0.000100 seconds.
  path: Assets/Dark UI/Free/Gem.png
  artifactKey: Guid(4aa4dc909b586c14198e6883472062be) Importer(815301076,1909f56bfc062723c751e8b465ee728b)
Start importing Assets/Dark UI/Free/Gem.png using Guid(4aa4dc909b586c14198e6883472062be) Importer(815301076,1909f56bfc062723c751e8b465ee728b)  -> (artifact id: 'ece2f24ba6261c93b228d2f25c44c18c') in 0.021789 seconds 
========================================================================
Received Import Request.
  Time since last request: 0.000047 seconds.
  path: Assets/Dark UI/Free/BTN_Line_4PX_Small.png
  artifactKey: Guid(a2d6a7e9df0789d4eaf8dbbac47eb1f6) Importer(815301076,1909f56bfc062723c751e8b465ee728b)
Start importing Assets/Dark UI/Free/BTN_Line_4PX_Small.png using Guid(a2d6a7e9df0789d4eaf8dbbac47eb1f6) Importer(815301076,1909f56bfc062723c751e8b465ee728b)  -> (artifact id: 'fd42125fd42c4bd5e166d2d3cff9d98a') in 0.041359 seconds 
========================================================================
Received Import Request.
  Time since last request: 0.000059 seconds.
  path: Assets/Dark UI/Free/A.png
  artifactKey: Guid(0f9aff9d1d5411d419a50a1f33efcf25) Importer(815301076,1909f56bfc062723c751e8b465ee728b)
Start importing Assets/Dark UI/Free/A.png using Guid(0f9aff9d1d5411d419a50a1f33efcf25) Importer(815301076,1909f56bfc062723c751e8b465ee728b)  -> (artifact id: 'd3b49f51955c9104a92db766457ec82b') in 0.031445 seconds 
========================================================================
Received Import Request.
  Time since last request: 0.000039 seconds.
  path: Assets/Dark UI/Free/ButtonLargeRound.png
  artifactKey: Guid(ac9e02ea18781ab459dd5feca42c0db1) Importer(815301076,1909f56bfc062723c751e8b465ee728b)
Start importing Assets/Dark UI/Free/ButtonLargeRound.png using Guid(ac9e02ea18781ab459dd5feca42c0db1) Importer(815301076,1909f56bfc062723c751e8b465ee728b)  -> (artifact id: 'a35f63305d7ad0ce6324870dc7917531') in 0.025588 seconds 
========================================================================
Received Import Request.
  Time since last request: 0.000030 seconds.
  path: Assets/Dark UI/Free/64 Light.png
  artifactKey: Guid(1bf101c8c2b8aab4484cd2ff08be047b) Importer(815301076,1909f56bfc062723c751e8b465ee728b)
Start importing Assets/Dark UI/Free/64 Light.png using Guid(1bf101c8c2b8aab4484cd2ff08be047b) Importer(815301076,1909f56bfc062723c751e8b465ee728b)  -> (artifact id: '05f43558a70fd970281360fdb765ae9d') in 0.045217 seconds 
========================================================================
Received Import Request.
  Time since last request: 0.000036 seconds.
  path: Assets/Dark UI/Free/Divider.png
  artifactKey: Guid(3e33bda025a5e1d4eae51ae3933d9954) Importer(815301076,1909f56bfc062723c751e8b465ee728b)
Start importing Assets/Dark UI/Free/Divider.png using Guid(3e33bda025a5e1d4eae51ae3933d9954) Importer(815301076,1909f56bfc062723c751e8b465ee728b)  -> (artifact id: '30a0cb3e9b7f8aa927c8c477a5e510ee') in 0.029053 seconds 
========================================================================
Received Import Request.
  Time since last request: 0.000041 seconds.
  path: Assets/Dark UI/Free/Facebook 2.png
  artifactKey: Guid(741fdffd863c9784990792a90548e1f2) Importer(815301076,1909f56bfc062723c751e8b465ee728b)
Start importing Assets/Dark UI/Free/Facebook 2.png using Guid(741fdffd863c9784990792a90548e1f2) Importer(815301076,1909f56bfc062723c751e8b465ee728b)  -> (artifact id: '6b47afd3d1c889fab96cf3ce6610bc1a') in 0.024739 seconds 
========================================================================
Received Import Request.
  Time since last request: 0.000056 seconds.
  path: Assets/Dark UI/Free/Button_Medium_A.png
  artifactKey: Guid(f9fa9ebfa2606f840a23f0bb0ac882af) Importer(815301076,1909f56bfc062723c751e8b465ee728b)
Start importing Assets/Dark UI/Free/Button_Medium_A.png using Guid(f9fa9ebfa2606f840a23f0bb0ac882af) Importer(815301076,1909f56bfc062723c751e8b465ee728b)  -> (artifact id: '332eb7ff8f0cd36b8c1ed9cbe68f68b6') in 0.027738 seconds 
========================================================================
Received Import Request.
  Time since last request: 0.000033 seconds.
  path: Assets/Dark UI/Free/Music.png
  artifactKey: Guid(f5f3ad8f35c709e4dabc990b16fd52e9) Importer(815301076,1909f56bfc062723c751e8b465ee728b)
Start importing Assets/Dark UI/Free/Music.png using Guid(f5f3ad8f35c709e4dabc990b16fd52e9) Importer(815301076,1909f56bfc062723c751e8b465ee728b)  -> (artifact id: '83523f83c8c58d30da64474c5286fbcf') in 0.024278 seconds 
========================================================================
Received Import Request.
  Time since last request: 0.000034 seconds.
  path: Assets/Dark UI/Free/Star.png
  artifactKey: Guid(58077e7d7c1f69e448677d19dddcbc9c) Importer(815301076,1909f56bfc062723c751e8b465ee728b)
Start importing Assets/Dark UI/Free/Star.png using Guid(58077e7d7c1f69e448677d19dddcbc9c) Importer(815301076,1909f56bfc062723c751e8b465ee728b)  -> (artifact id: '741e4a634f31ec76103a3bef363161b5') in 0.044855 seconds 
========================================================================
Received Import Request.
  Time since last request: 0.000029 seconds.
  path: Assets/Dark UI/Free/Lock.png
  artifactKey: Guid(f9e4c141412ca6345963f9ece84aae0a) Importer(815301076,1909f56bfc062723c751e8b465ee728b)
Start importing Assets/Dark UI/Free/Lock.png using Guid(f9e4c141412ca6345963f9ece84aae0a) Importer(815301076,1909f56bfc062723c751e8b465ee728b)  -> (artifact id: '60a28764316ced8a8d13f4c922b23911') in 0.022026 seconds 
========================================================================
Received Import Request.
  Time since last request: 0.000033 seconds.
  path: Assets/Dark UI/Free/Left BTN.png
  artifactKey: Guid(2f5621ced47967649819ed28fc802c35) Importer(815301076,1909f56bfc062723c751e8b465ee728b)
Start importing Assets/Dark UI/Free/Left BTN.png using Guid(2f5621ced47967649819ed28fc802c35) Importer(815301076,1909f56bfc062723c751e8b465ee728b)  -> (artifact id: 'dfdb11be9d8b8cf7453a97d1e7fb4fc4') in 0.030225 seconds 
========================================================================
Received Import Request.
  Time since last request: 0.000087 seconds.
  path: Assets/Dark UI/Free/Right Arrow.png
  artifactKey: Guid(7cf2f46063edb3445a4b32cbd687b51c) Importer(815301076,1909f56bfc062723c751e8b465ee728b)
Start importing Assets/Dark UI/Free/Right Arrow.png using Guid(7cf2f46063edb3445a4b32cbd687b51c) Importer(815301076,1909f56bfc062723c751e8b465ee728b)  -> (artifact id: 'ca4421896189e370a0d53f0b41c1e75a') in 0.021262 seconds 
========================================================================
Received Import Request.
  Time since last request: 0.000049 seconds.
  path: Assets/Dark UI/Free/Sound.png
  artifactKey: Guid(a0993af277162934b9f02610f6f941f2) Importer(815301076,1909f56bfc062723c751e8b465ee728b)
Start importing Assets/Dark UI/Free/Sound.png using Guid(a0993af277162934b9f02610f6f941f2) Importer(815301076,1909f56bfc062723c751e8b465ee728b)  -> (artifact id: 'eaf2ad737cff47cc57ff9b0a0c214538') in 0.038432 seconds 
========================================================================
Received Import Request.
  Time since last request: 0.000028 seconds.
  path: Assets/Dark UI/Free/CIRCLE2PXSMALL.png
  artifactKey: Guid(9e64140fa412af443b31a21fedffc096) Importer(815301076,1909f56bfc062723c751e8b465ee728b)
Start importing Assets/Dark UI/Free/CIRCLE2PXSMALL.png using Guid(9e64140fa412af443b31a21fedffc096) Importer(815301076,1909f56bfc062723c751e8b465ee728b)  -> (artifact id: 'bbf69d0d24c13dffb1f88f4daf84504e') in 0.023496 seconds 
========================================================================
Received Import Request.
  Time since last request: 0.000037 seconds.
  path: Assets/Dark UI/Free/Button_Small_A.png
  artifactKey: Guid(5ed7b78422faa044695989e1108c5d63) Importer(815301076,1909f56bfc062723c751e8b465ee728b)
Start importing Assets/Dark UI/Free/Button_Small_A.png using Guid(5ed7b78422faa044695989e1108c5d63) Importer(815301076,1909f56bfc062723c751e8b465ee728b)  -> (artifact id: '78c584476e1dffab84471801190bbbab') in 0.028762 seconds 
========================================================================
Received Import Request.
  Time since last request: 0.000033 seconds.
  path: Assets/Dark UI/Free/Right BTN.png
  artifactKey: Guid(9dbc314d5e9a24d459a014d90696eb18) Importer(815301076,1909f56bfc062723c751e8b465ee728b)
Start importing Assets/Dark UI/Free/Right BTN.png using Guid(9dbc314d5e9a24d459a014d90696eb18) Importer(815301076,1909f56bfc062723c751e8b465ee728b)  -> (artifact id: '097202927f5c2531cbbd613f2f12c087') in 0.020797 seconds 
========================================================================
Received Import Request.
  Time since last request: 0.000108 seconds.
  path: Assets/Dark UI/Free/Facebook.png
  artifactKey: Guid(b12df616c3582fd4faba65f7fac51968) Importer(815301076,1909f56bfc062723c751e8b465ee728b)
Start importing Assets/Dark UI/Free/Facebook.png using Guid(b12df616c3582fd4faba65f7fac51968) Importer(815301076,1909f56bfc062723c751e8b465ee728b)  -> (artifact id: 'e41854b00809b26c57012ddd0c9f301b') in 0.040295 seconds 
========================================================================
Received Import Request.
  Time since last request: 0.000062 seconds.
  path: Assets/Dark UI/Free/CIRCLE2PXMED.png
  artifactKey: Guid(67d26aedff211d940a0a479f8a01fdc2) Importer(815301076,1909f56bfc062723c751e8b465ee728b)
Start importing Assets/Dark UI/Free/CIRCLE2PXMED.png using Guid(67d26aedff211d940a0a479f8a01fdc2) Importer(815301076,1909f56bfc062723c751e8b465ee728b)  -> (artifact id: 'bde951666ec30715540c9f29eaccd534') in 0.024723 seconds 
========================================================================
Received Import Request.
  Time since last request: 0.000045 seconds.
  path: Assets/Dark UI/Free/128.png
  artifactKey: Guid(87ea2079a91b3e74f84b5cb700abb4d6) Importer(815301076,1909f56bfc062723c751e8b465ee728b)
Start importing Assets/Dark UI/Free/128.png using Guid(87ea2079a91b3e74f84b5cb700abb4d6) Importer(815301076,1909f56bfc062723c751e8b465ee728b)  -> (artifact id: '000da9468b5230661d29214c30edd986') in 0.109872 seconds 
========================================================================
Received Import Request.
  Time since last request: 0.000031 seconds.
  path: Assets/Dark UI/Free/World.png
  artifactKey: Guid(cb0be92a1645a7c48a26aa4a8ebdb7d8) Importer(815301076,1909f56bfc062723c751e8b465ee728b)
Start importing Assets/Dark UI/Free/World.png using Guid(cb0be92a1645a7c48a26aa4a8ebdb7d8) Importer(815301076,1909f56bfc062723c751e8b465ee728b)  -> (artifact id: '3be5cb32aa6ec02514a47a10320e6949') in 0.022304 seconds 
========================================================================
Received Import Request.
  Time since last request: 0.000038 seconds.
  path: Assets/Dark UI/Free/X.png
  artifactKey: Guid(af19b810ad81d8741ba1583f72a9d93c) Importer(815301076,1909f56bfc062723c751e8b465ee728b)
Start importing Assets/Dark UI/Free/X.png using Guid(af19b810ad81d8741ba1583f72a9d93c) Importer(815301076,1909f56bfc062723c751e8b465ee728b)  -> (artifact id: 'f7f57eec3e4f07a16d89a20b7ce9f88b') in 0.026454 seconds 
========================================================================
Received Import Request.
  Time since last request: 0.000028 seconds.
  path: Assets/Dark UI/Free/Up BTN.png
  artifactKey: Guid(156c51bba7cc9d24496e86f11d08bbaf) Importer(815301076,1909f56bfc062723c751e8b465ee728b)
Start importing Assets/Dark UI/Free/Up BTN.png using Guid(156c51bba7cc9d24496e86f11d08bbaf) Importer(815301076,1909f56bfc062723c751e8b465ee728b)  -> (artifact id: '109d75551730b2d849023d593dfd7cef') in 0.022010 seconds 
========================================================================
Received Import Request.
  Time since last request: 0.000036 seconds.
  path: Assets/Dark UI/Free/D.png
  artifactKey: Guid(bfdc84f127b8607479e3fe35cd51157a) Importer(815301076,1909f56bfc062723c751e8b465ee728b)
Start importing Assets/Dark UI/Free/D.png using Guid(bfdc84f127b8607479e3fe35cd51157a) Importer(815301076,1909f56bfc062723c751e8b465ee728b)  -> (artifact id: '495b915dcec863b36ce56c560b5c4210') in 0.034439 seconds 
========================================================================
Received Import Request.
  Time since last request: 0.000085 seconds.
  path: Assets/Dark UI/Free/Settings.png
  artifactKey: Guid(751a7b6d15a328547a14075f8adb0bb0) Importer(815301076,1909f56bfc062723c751e8b465ee728b)
Start importing Assets/Dark UI/Free/Settings.png using Guid(751a7b6d15a328547a14075f8adb0bb0) Importer(815301076,1909f56bfc062723c751e8b465ee728b)  -> (artifact id: 'da54e5b508f329bf73a2c3f0c08de385') in 0.021264 seconds 
========================================================================
Received Import Request.
  Time since last request: 0.000036 seconds.
  path: Assets/Dark UI/Free/ButtonSmallRound.png
  artifactKey: Guid(04c64e19d8f8f0140837c8a6b21c358d) Importer(815301076,1909f56bfc062723c751e8b465ee728b)
Start importing Assets/Dark UI/Free/ButtonSmallRound.png using Guid(04c64e19d8f8f0140837c8a6b21c358d) Importer(815301076,1909f56bfc062723c751e8b465ee728b)  -> (artifact id: 'fb64c25d121ccc325b0b1881f9d0ecd7') in 0.034716 seconds 
========================================================================
Received Import Request.
  Time since last request: 0.000040 seconds.
  path: Assets/Dark UI/Free/Shop.png
  artifactKey: Guid(18faf426d460ece49970252ef5e8a56d) Importer(815301076,1909f56bfc062723c751e8b465ee728b)
Start importing Assets/Dark UI/Free/Shop.png using Guid(18faf426d460ece49970252ef5e8a56d) Importer(815301076,1909f56bfc062723c751e8b465ee728b)  -> (artifact id: '4e456b9a724274ce2246ce69e8cb5432') in 0.022873 seconds 
========================================================================
Received Import Request.
  Time since last request: 0.000039 seconds.
  path: Assets/Dark UI/Free/Messages.png
  artifactKey: Guid(dd8c6245ee19b2345ba3c0ce722a32c0) Importer(815301076,1909f56bfc062723c751e8b465ee728b)
Start importing Assets/Dark UI/Free/Messages.png using Guid(dd8c6245ee19b2345ba3c0ce722a32c0) Importer(815301076,1909f56bfc062723c751e8b465ee728b)  -> (artifact id: '806bf1a1c5ae5f4eecf5e08770db0093') in 0.029212 seconds 
========================================================================
Received Import Request.
  Time since last request: 0.000041 seconds.
  path: Assets/Dark UI/Free/BTN_A3.png
  artifactKey: Guid(864f00a7055893d45b093ac179e35237) Importer(815301076,1909f56bfc062723c751e8b465ee728b)
Start importing Assets/Dark UI/Free/BTN_A3.png using Guid(864f00a7055893d45b093ac179e35237) Importer(815301076,1909f56bfc062723c751e8b465ee728b)  -> (artifact id: '9d409c1e94a9660e2d828c443eb48a5b') in 0.037844 seconds 
========================================================================
Received Import Request.
  Time since last request: 0.000027 seconds.
  path: Assets/Dark UI/Free/B.png
  artifactKey: Guid(0800cc9d4da0323489f4d25c65194aa5) Importer(815301076,1909f56bfc062723c751e8b465ee728b)
Start importing Assets/Dark UI/Free/B.png using Guid(0800cc9d4da0323489f4d25c65194aa5) Importer(815301076,1909f56bfc062723c751e8b465ee728b)  -> (artifact id: '99a5f9053c33260e1b081f2936e2f6db') in 0.019816 seconds 
========================================================================
Received Import Request.
  Time since last request: 0.000048 seconds.
  path: Assets/Dark UI/Free/Coin.png
  artifactKey: Guid(2e43f0691f0d7404eae8d01381da65a0) Importer(815301076,1909f56bfc062723c751e8b465ee728b)
Start importing Assets/Dark UI/Free/Coin.png using Guid(2e43f0691f0d7404eae8d01381da65a0) Importer(815301076,1909f56bfc062723c751e8b465ee728b)  -> (artifact id: 'ce0b5f03913fb235f04d8fe0289350ae') in 0.018725 seconds 
========================================================================
Received Import Request.
  Time since last request: 0.000053 seconds.
  path: Assets/Dark UI/Free/Ranks.png
  artifactKey: Guid(e8433df827a81cb48bac4ebc18d1e25e) Importer(815301076,1909f56bfc062723c751e8b465ee728b)
Start importing Assets/Dark UI/Free/Ranks.png using Guid(e8433df827a81cb48bac4ebc18d1e25e) Importer(815301076,1909f56bfc062723c751e8b465ee728b)  -> (artifact id: '6a718a04f80fe7998a03c1ddfe168c37') in 0.018581 seconds 
========================================================================
Received Import Request.
  Time since last request: 0.000030 seconds.
  path: Assets/Dark UI/Free/Left Arrow.png
  artifactKey: Guid(210e6a7b28c57aa4e9408866e861895c) Importer(815301076,1909f56bfc062723c751e8b465ee728b)
Start importing Assets/Dark UI/Free/Left Arrow.png using Guid(210e6a7b28c57aa4e9408866e861895c) Importer(815301076,1909f56bfc062723c751e8b465ee728b)  -> (artifact id: 'fd3ffdaeab69f6ae03995b2be6f6f4cd') in 0.032120 seconds 
========================================================================
Received Import Request.
  Time since last request: 0.000030 seconds.
  path: Assets/Dark UI/Free/Heart.png
  artifactKey: Guid(cfad8ef0b5f68ac46bd02b3156b377a4) Importer(815301076,1909f56bfc062723c751e8b465ee728b)
Start importing Assets/Dark UI/Free/Heart.png using Guid(cfad8ef0b5f68ac46bd02b3156b377a4) Importer(815301076,1909f56bfc062723c751e8b465ee728b)  -> (artifact id: '5433b5d15404a389f56e72e7eb874ab9') in 0.019903 seconds 
========================================================================
Received Import Request.
  Time since last request: 0.000064 seconds.
  path: Assets/Dark UI/Free/Missions.png
  artifactKey: Guid(b52130bb79a23344aa8c335cecb91eb0) Importer(815301076,1909f56bfc062723c751e8b465ee728b)
Start importing Assets/Dark UI/Free/Missions.png using Guid(b52130bb79a23344aa8c335cecb91eb0) Importer(815301076,1909f56bfc062723c751e8b465ee728b)  -> (artifact id: 'ebd14648eff09d032e37651b9a8ee48b') in 0.045174 seconds 
========================================================================
Received Import Request.
  Time since last request: 0.000040 seconds.
  path: Assets/Dark UI/Free/BTN_A1.png
  artifactKey: Guid(604d5ed6f532a5146bf48201437881ee) Importer(815301076,1909f56bfc062723c751e8b465ee728b)
Start importing Assets/Dark UI/Free/BTN_A1.png using Guid(604d5ed6f532a5146bf48201437881ee) Importer(815301076,1909f56bfc062723c751e8b465ee728b)  -> (artifact id: 'b1ba24a4aa10feba7b05873236795520') in 0.043768 seconds 
========================================================================
Received Import Request.
  Time since last request: 0.000026 seconds.
  path: Assets/Dark UI/Free/InputField.png
  artifactKey: Guid(6cbf273c77eba1a448f3c04ff4292030) Importer(815301076,1909f56bfc062723c751e8b465ee728b)
Start importing Assets/Dark UI/Free/InputField.png using Guid(6cbf273c77eba1a448f3c04ff4292030) Importer(815301076,1909f56bfc062723c751e8b465ee728b)  -> (artifact id: '9c12509064b6516fff0ad45c5775abb4') in 0.023364 seconds 
========================================================================
Received Import Request.
  Time since last request: 0.000047 seconds.
  path: Assets/Dark UI/Free/Down BTN.png
  artifactKey: Guid(adfae103208dcfb479b198bfb03f095e) Importer(815301076,1909f56bfc062723c751e8b465ee728b)
Start importing Assets/Dark UI/Free/Down BTN.png using Guid(adfae103208dcfb479b198bfb03f095e) Importer(815301076,1909f56bfc062723c751e8b465ee728b)  -> (artifact id: '343663690a07038b706ad9ea88a08354') in 0.025700 seconds 
========================================================================
Received Import Request.
  Time since last request: 0.000041 seconds.
  path: Assets/Dark UI/Free/F.png
  artifactKey: Guid(0fe7093e9bd11cb43b64578a75562ba3) Importer(815301076,1909f56bfc062723c751e8b465ee728b)
Start importing Assets/Dark UI/Free/F.png using Guid(0fe7093e9bd11cb43b64578a75562ba3) Importer(815301076,1909f56bfc062723c751e8b465ee728b)  -> (artifact id: 'ff3dfcdb2f07c1b008f54ea50218400b') in 0.026093 seconds 
========================================================================
Received Import Request.
  Time since last request: 0.000042 seconds.
  path: Assets/Dark UI/Free/CIRCLE4PXSMA.png
  artifactKey: Guid(572955b2fc805584aaa343215e806606) Importer(815301076,1909f56bfc062723c751e8b465ee728b)
Start importing Assets/Dark UI/Free/CIRCLE4PXSMA.png using Guid(572955b2fc805584aaa343215e806606) Importer(815301076,1909f56bfc062723c751e8b465ee728b)  -> (artifact id: '9305db9ae3c6177cf66907ef1e4f36fa') in 0.026532 seconds 
========================================================================
Received Import Request.
  Time since last request: 0.000030 seconds.
  path: Assets/Dark UI/Free/Up Arrow.png
  artifactKey: Guid(bdfcd00e719df654886a535178587f29) Importer(815301076,1909f56bfc062723c751e8b465ee728b)
Start importing Assets/Dark UI/Free/Up Arrow.png using Guid(bdfcd00e719df654886a535178587f29) Importer(815301076,1909f56bfc062723c751e8b465ee728b)  -> (artifact id: '59d53c8cbb4a134c8889df00207a8543') in 0.026708 seconds 
